2017-05-31 15:04:11 [-][-][-][error][yii\console\UnknownCommandException] exception 'yii\base\InvalidRouteException' with message 'Unable to resolve the request "migration".' in E:\wamp\www\oms\vendor\yiisoft\yii2\base\Module.php:532
Stack trace:
#0 E:\wamp\www\oms\vendor\yiisoft\yii2\console\Application.php(180): yii\base\Module->runAction('migration', Array)
#1 E:\wamp\www\oms\vendor\yiisoft\yii2\console\Application.php(147): yii\console\Application->runAction('migration', Array)
#2 E:\wamp\www\oms\vendor\yiisoft\yii2\base\Application.php(380): yii\console\Application->handleRequest(Object(yii\console\Request))
#3 E:\wamp\www\oms\yii(27): yii\base\Application->run()
#4 {main}

Next exception 'yii\console\UnknownCommandException' with message 'Unknown command "migration".' in E:\wamp\www\oms\vendor\yiisoft\yii2\console\Application.php:183
Stack trace:
#0 E:\wamp\www\oms\vendor\yiisoft\yii2\console\Application.php(147): yii\console\Application->runAction('migration', Array)
#1 E:\wamp\www\oms\vendor\yiisoft\yii2\base\Application.php(380): yii\console\Application->handleRequest(Object(yii\console\Request))
#2 E:\wamp\www\oms\yii(27): yii\base\Application->run()
#3 {main}
2017-05-31 15:04:11 [-][-][-][info][application] $_SERVER = [
    '1830B7BD-F7A3-4c4d-989B-C004DE465EDE' => '888:42f9390'
    'ALLUSERSPROFILE' => 'C:\\ProgramData'
    'APPDATA' => 'C:\\Users\\Administrator\\AppData\\Roaming'
    'CommonProgramFiles' => 'C:\\Program Files (x86)\\Common Files'
    'CommonProgramFiles(x86)' => 'C:\\Program Files (x86)\\Common Files'
    'CommonProgramW6432' => 'C:\\Program Files\\Common Files'
    'COMPUTERNAME' => 'DRAGON'
    'ComSpec' => 'C:\\Windows\\system32\\cmd.exe'
    'DEVMGR_SHOW_DETAILS' => '1'
    'FP_NO_HOST_CHECK' => 'NO'
    'HOMEDRIVE' => 'C:'
    'HOMEPATH' => '\\Users\\Administrator'
    'LOCALAPPDATA' => 'C:\\Users\\Administrator\\AppData\\Local'
    'LOGONSERVER' => '\\\\DRAGON'
    'NUMBER_OF_PROCESSORS' => '4'
    'OS' => 'Windows_NT'
    'Path' => 'C:\\Windows\\system32;C:\\Windows;C:\\Windows\\System32\\Wbem;C:\\Windows\\System32\\WindowsPowerShell\\v1.0\\;C:\\Program Files (x86)\\ATI Technologies\\ATI.ACE\\Core-Static;C:\\HashiCorp\\Vagrant\\bin;C:\\Program Files\\TortoiseGit\\bin;C:\\ProgramData\\ComposerSetup\\bin;E:\\wamp\\bin\\php\\php5.6.25;E:\\wamp\\bin\\php\\php7.0.10'
    'PATHEXT' => '.COM;.EXE;.BAT;.CMD;.VBS;.VBE;.JS;.JSE;.WSF;.WSH;.MSC'
    'PHP_COMMAND' => 'php.exe'
    'PROCESSOR_ARCHITECTURE' => 'x86'
    'PROCESSOR_ARCHITEW6432' => 'AMD64'
    'PROCESSOR_IDENTIFIER' => 'Intel64 Family 6 Model 42 Stepping 7, GenuineIntel'
    'PROCESSOR_LEVEL' => '6'
    'PROCESSOR_REVISION' => '2a07'
    'ProgramData' => 'C:\\ProgramData'
    'ProgramFiles' => 'C:\\Program Files (x86)'
    'ProgramFiles(x86)' => 'C:\\Program Files (x86)'
    'ProgramW6432' => 'C:\\Program Files'
    'PROMPT' => '$P$G'
    'PSModulePath' => 'C:\\Windows\\system32\\WindowsPowerShell\\v1.0\\Modules\\'
    'PUBLIC' => 'C:\\Users\\Public'
    'SESSIONNAME' => 'Console'
    'SystemDrive' => 'C:'
    'SystemRoot' => 'C:\\Windows'
    'TEMP' => 'C:\\Users\\ADMINI~1\\AppData\\Local\\Temp'
    'TMP' => 'C:\\Users\\ADMINI~1\\AppData\\Local\\Temp'
    'USERDOMAIN' => 'DRAGON'
    'USERNAME' => 'Administrator'
    'USERPROFILE' => 'C:\\Users\\Administrator'
    'windir' => 'C:\\Windows'
    'windows_tracing_flags' => '3'
    'windows_tracing_logfile' => 'C:\\BVTBin\\Tests\\installpackage\\csilogfile.log'
    'YII_PATH' => 'E:\\wamp\\www\\oms\\'
    'PHP_SELF' => 'E:\\wamp\\www\\oms\\yii'
    'SCRIPT_NAME' => 'E:\\wamp\\www\\oms\\yii'
    'SCRIPT_FILENAME' => 'E:\\wamp\\www\\oms\\yii'
    'PATH_TRANSLATED' => 'E:\\wamp\\www\\oms\\yii'
    'DOCUMENT_ROOT' => ''
    'REQUEST_TIME_FLOAT' => 1496243051.0672
    'REQUEST_TIME' => 1496243051
    'argv' => [
        0 => 'E:\\wamp\\www\\oms\\yii'
        1 => 'migration'
    ]
    'argc' => 2
]
2017-05-31 15:04:49 [-][-][-][error][yii\db\Exception] exception 'PDOException' with message 'SQLSTATE[HY000] [1049] Unknown database 'yii2advanced'' in E:\wamp\www\oms\vendor\yiisoft\yii2\db\Connection.php:630
Stack trace:
#0 E:\wamp\www\oms\vendor\yiisoft\yii2\db\Connection.php(630): PDO->__construct('mysql:host=loca...', 'root', '', NULL)
#1 E:\wamp\www\oms\vendor\yiisoft\yii2\db\Connection.php(563): yii\db\Connection->createPdoInstance()
#2 E:\wamp\www\oms\vendor\yiisoft\yii2\db\Connection.php(896): yii\db\Connection->open()
#3 E:\wamp\www\oms\vendor\yiisoft\yii2\db\Connection.php(883): yii\db\Connection->getMasterPdo()
#4 E:\wamp\www\oms\vendor\yiisoft\yii2\db\Command.php(219): yii\db\Connection->getSlavePdo()
#5 E:\wamp\www\oms\vendor\yiisoft\yii2\db\Command.php(896): yii\db\Command->prepare(true)
#6 E:\wamp\www\oms\vendor\yiisoft\yii2\db\Command.php(362): yii\db\Command->queryInternal('fetchAll', NULL)
#7 E:\wamp\www\oms\vendor\yiisoft\yii2\db\mysql\Schema.php(199): yii\db\Command->queryAll()
#8 E:\wamp\www\oms\vendor\yiisoft\yii2\db\mysql\Schema.php(98): yii\db\mysql\Schema->findColumns(Object(yii\db\TableSchema))
#9 E:\wamp\www\oms\vendor\yiisoft\yii2\db\Schema.php(152): yii\db\mysql\Schema->loadTableSchema('migration')
#10 E:\wamp\www\oms\vendor\yiisoft\yii2\console\controllers\MigrateController.php(199): yii\db\Schema->getTableSchema('{{%migration}}', true)
#11 E:\wamp\www\oms\vendor\yiisoft\yii2\console\controllers\BaseMigrateController.php(774): yii\console\controllers\MigrateController->getMigrationHistory(NULL)
#12 E:\wamp\www\oms\vendor\yiisoft\yii2\console\controllers\BaseMigrateController.php(138): yii\console\controllers\BaseMigrateController->getNewMigrations()
#13 [internal function]: yii\console\controllers\BaseMigrateController->actionUp(0)
#14 E:\wamp\www\oms\vendor\yiisoft\yii2\base\InlineAction.php(57): call_user_func_array(Array, Array)
#15 E:\wamp\www\oms\vendor\yiisoft\yii2\base\Controller.php(156): yii\base\InlineAction->runWithParams(Array)
#16 E:\wamp\www\oms\vendor\yiisoft\yii2\console\Controller.php(128): yii\base\Controller->runAction('', Array)
#17 E:\wamp\www\oms\vendor\yiisoft\yii2\base\Module.php(523): yii\console\Controller->runAction('', Array)
#18 E:\wamp\www\oms\vendor\yiisoft\yii2\console\Application.php(180): yii\base\Module->runAction('migrate', Array)
#19 E:\wamp\www\oms\vendor\yiisoft\yii2\console\Application.php(147): yii\console\Application->runAction('migrate', Array)
#20 E:\wamp\www\oms\vendor\yiisoft\yii2\base\Application.php(380): yii\console\Application->handleRequest(Object(yii\console\Request))
#21 E:\wamp\www\oms\yii(27): yii\base\Application->run()
#22 {main}

Next exception 'yii\db\Exception' with message 'SQLSTATE[HY000] [1049] Unknown database 'yii2advanced'' in E:\wamp\www\oms\vendor\yiisoft\yii2\db\Connection.php:568
Stack trace:
#0 E:\wamp\www\oms\vendor\yiisoft\yii2\db\Connection.php(896): yii\db\Connection->open()
#1 E:\wamp\www\oms\vendor\yiisoft\yii2\db\Connection.php(883): yii\db\Connection->getMasterPdo()
#2 E:\wamp\www\oms\vendor\yiisoft\yii2\db\Command.php(219): yii\db\Connection->getSlavePdo()
#3 E:\wamp\www\oms\vendor\yiisoft\yii2\db\Command.php(896): yii\db\Command->prepare(true)
#4 E:\wamp\www\oms\vendor\yiisoft\yii2\db\Command.php(362): yii\db\Command->queryInternal('fetchAll', NULL)
#5 E:\wamp\www\oms\vendor\yiisoft\yii2\db\mysql\Schema.php(199): yii\db\Command->queryAll()
#6 E:\wamp\www\oms\vendor\yiisoft\yii2\db\mysql\Schema.php(98): yii\db\mysql\Schema->findColumns(Object(yii\db\TableSchema))
#7 E:\wamp\www\oms\vendor\yiisoft\yii2\db\Schema.php(152): yii\db\mysql\Schema->loadTableSchema('migration')
#8 E:\wamp\www\oms\vendor\yiisoft\yii2\console\controllers\MigrateController.php(199): yii\db\Schema->getTableSchema('{{%migration}}', true)
#9 E:\wamp\www\oms\vendor\yiisoft\yii2\console\controllers\BaseMigrateController.php(774): yii\console\controllers\MigrateController->getMigrationHistory(NULL)
#10 E:\wamp\www\oms\vendor\yiisoft\yii2\console\controllers\BaseMigrateController.php(138): yii\console\controllers\BaseMigrateController->getNewMigrations()
#11 [internal function]: yii\console\controllers\BaseMigrateController->actionUp(0)
#12 E:\wamp\www\oms\vendor\yiisoft\yii2\base\InlineAction.php(57): call_user_func_array(Array, Array)
#13 E:\wamp\www\oms\vendor\yiisoft\yii2\base\Controller.php(156): yii\base\InlineAction->runWithParams(Array)
#14 E:\wamp\www\oms\vendor\yiisoft\yii2\console\Controller.php(128): yii\base\Controller->runAction('', Array)
#15 E:\wamp\www\oms\vendor\yiisoft\yii2\base\Module.php(523): yii\console\Controller->runAction('', Array)
#16 E:\wamp\www\oms\vendor\yiisoft\yii2\console\Application.php(180): yii\base\Module->runAction('migrate', Array)
#17 E:\wamp\www\oms\vendor\yiisoft\yii2\console\Application.php(147): yii\console\Application->runAction('migrate', Array)
#18 E:\wamp\www\oms\vendor\yiisoft\yii2\base\Application.php(380): yii\console\Application->handleRequest(Object(yii\console\Request))
#19 E:\wamp\www\oms\yii(27): yii\base\Application->run()
#20 {main}
Additional Information:

2017-05-31 15:04:49 [-][-][-][info][application] $_SERVER = [
    '1830B7BD-F7A3-4c4d-989B-C004DE465EDE' => '888:42f9390'
    'ALLUSERSPROFILE' => 'C:\\ProgramData'
    'APPDATA' => 'C:\\Users\\Administrator\\AppData\\Roaming'
    'CommonProgramFiles' => 'C:\\Program Files (x86)\\Common Files'
    'CommonProgramFiles(x86)' => 'C:\\Program Files (x86)\\Common Files'
    'CommonProgramW6432' => 'C:\\Program Files\\Common Files'
    'COMPUTERNAME' => 'DRAGON'
    'ComSpec' => 'C:\\Windows\\system32\\cmd.exe'
    'DEVMGR_SHOW_DETAILS' => '1'
    'FP_NO_HOST_CHECK' => 'NO'
    'HOMEDRIVE' => 'C:'
    'HOMEPATH' => '\\Users\\Administrator'
    'LOCALAPPDATA' => 'C:\\Users\\Administrator\\AppData\\Local'
    'LOGONSERVER' => '\\\\DRAGON'
    'NUMBER_OF_PROCESSORS' => '4'
    'OS' => 'Windows_NT'
    'Path' => 'C:\\Windows\\system32;C:\\Windows;C:\\Windows\\System32\\Wbem;C:\\Windows\\System32\\WindowsPowerShell\\v1.0\\;C:\\Program Files (x86)\\ATI Technologies\\ATI.ACE\\Core-Static;C:\\HashiCorp\\Vagrant\\bin;C:\\Program Files\\TortoiseGit\\bin;C:\\ProgramData\\ComposerSetup\\bin;E:\\wamp\\bin\\php\\php5.6.25;E:\\wamp\\bin\\php\\php7.0.10'
    'PATHEXT' => '.COM;.EXE;.BAT;.CMD;.VBS;.VBE;.JS;.JSE;.WSF;.WSH;.MSC'
    'PHP_COMMAND' => 'php.exe'
    'PROCESSOR_ARCHITECTURE' => 'x86'
    'PROCESSOR_ARCHITEW6432' => 'AMD64'
    'PROCESSOR_IDENTIFIER' => 'Intel64 Family 6 Model 42 Stepping 7, GenuineIntel'
    'PROCESSOR_LEVEL' => '6'
    'PROCESSOR_REVISION' => '2a07'
    'ProgramData' => 'C:\\ProgramData'
    'ProgramFiles' => 'C:\\Program Files (x86)'
    'ProgramFiles(x86)' => 'C:\\Program Files (x86)'
    'ProgramW6432' => 'C:\\Program Files'
    'PROMPT' => '$P$G'
    'PSModulePath' => 'C:\\Windows\\system32\\WindowsPowerShell\\v1.0\\Modules\\'
    'PUBLIC' => 'C:\\Users\\Public'
    'SESSIONNAME' => 'Console'
    'SystemDrive' => 'C:'
    'SystemRoot' => 'C:\\Windows'
    'TEMP' => 'C:\\Users\\ADMINI~1\\AppData\\Local\\Temp'
    'TMP' => 'C:\\Users\\ADMINI~1\\AppData\\Local\\Temp'
    'USERDOMAIN' => 'DRAGON'
    'USERNAME' => 'Administrator'
    'USERPROFILE' => 'C:\\Users\\Administrator'
    'windir' => 'C:\\Windows'
    'windows_tracing_flags' => '3'
    'windows_tracing_logfile' => 'C:\\BVTBin\\Tests\\installpackage\\csilogfile.log'
    'YII_PATH' => 'E:\\wamp\\www\\oms\\'
    'PHP_SELF' => 'E:\\wamp\\www\\oms\\yii'
    'SCRIPT_NAME' => 'E:\\wamp\\www\\oms\\yii'
    'SCRIPT_FILENAME' => 'E:\\wamp\\www\\oms\\yii'
    'PATH_TRANSLATED' => 'E:\\wamp\\www\\oms\\yii'
    'DOCUMENT_ROOT' => ''
    'REQUEST_TIME_FLOAT' => 1496243089.0319
    'REQUEST_TIME' => 1496243089
    'argv' => [
        0 => 'E:\\wamp\\www\\oms\\yii'
        1 => 'migrate'
    ]
    'argc' => 2
]
2017-05-31 15:13:11 [-][-][-][error][yii\console\Exception] exception 'yii\console\Exception' with message 'Unknown option: --magrationPath' in E:\wamp\www\oms\vendor\yiisoft\yii2\console\Controller.php:120
Stack trace:
#0 E:\wamp\www\oms\vendor\yiisoft\yii2\base\Module.php(523): yii\console\Controller->runAction('', Array)
#1 E:\wamp\www\oms\vendor\yiisoft\yii2\console\Application.php(180): yii\base\Module->runAction('migrate', Array)
#2 E:\wamp\www\oms\vendor\yiisoft\yii2\console\Application.php(147): yii\console\Application->runAction('migrate', Array)
#3 E:\wamp\www\oms\vendor\yiisoft\yii2\base\Application.php(380): yii\console\Application->handleRequest(Object(yii\console\Request))
#4 E:\wamp\www\oms\yii(27): yii\base\Application->run()
#5 {main}
2017-05-31 15:13:10 [-][-][-][info][application] $_SERVER = [
    '1830B7BD-F7A3-4c4d-989B-C004DE465EDE' => '888:42f9390'
    'ALLUSERSPROFILE' => 'C:\\ProgramData'
    'APPDATA' => 'C:\\Users\\Administrator\\AppData\\Roaming'
    'CommonProgramFiles' => 'C:\\Program Files (x86)\\Common Files'
    'CommonProgramFiles(x86)' => 'C:\\Program Files (x86)\\Common Files'
    'CommonProgramW6432' => 'C:\\Program Files\\Common Files'
    'COMPUTERNAME' => 'DRAGON'
    'ComSpec' => 'C:\\Windows\\system32\\cmd.exe'
    'DEVMGR_SHOW_DETAILS' => '1'
    'FP_NO_HOST_CHECK' => 'NO'
    'HOMEDRIVE' => 'C:'
    'HOMEPATH' => '\\Users\\Administrator'
    'LOCALAPPDATA' => 'C:\\Users\\Administrator\\AppData\\Local'
    'LOGONSERVER' => '\\\\DRAGON'
    'NUMBER_OF_PROCESSORS' => '4'
    'OS' => 'Windows_NT'
    'Path' => 'C:\\Windows\\system32;C:\\Windows;C:\\Windows\\System32\\Wbem;C:\\Windows\\System32\\WindowsPowerShell\\v1.0\\;C:\\Program Files (x86)\\ATI Technologies\\ATI.ACE\\Core-Static;C:\\HashiCorp\\Vagrant\\bin;C:\\Program Files\\TortoiseGit\\bin;C:\\ProgramData\\ComposerSetup\\bin;E:\\wamp\\bin\\php\\php5.6.25;E:\\wamp\\bin\\php\\php7.0.10'
    'PATHEXT' => '.COM;.EXE;.BAT;.CMD;.VBS;.VBE;.JS;.JSE;.WSF;.WSH;.MSC'
    'PHP_COMMAND' => 'php.exe'
    'PROCESSOR_ARCHITECTURE' => 'x86'
    'PROCESSOR_ARCHITEW6432' => 'AMD64'
    'PROCESSOR_IDENTIFIER' => 'Intel64 Family 6 Model 42 Stepping 7, GenuineIntel'
    'PROCESSOR_LEVEL' => '6'
    'PROCESSOR_REVISION' => '2a07'
    'ProgramData' => 'C:\\ProgramData'
    'ProgramFiles' => 'C:\\Program Files (x86)'
    'ProgramFiles(x86)' => 'C:\\Program Files (x86)'
    'ProgramW6432' => 'C:\\Program Files'
    'PROMPT' => '$P$G'
    'PSModulePath' => 'C:\\Windows\\system32\\WindowsPowerShell\\v1.0\\Modules\\'
    'PUBLIC' => 'C:\\Users\\Public'
    'SESSIONNAME' => 'Console'
    'SystemDrive' => 'C:'
    'SystemRoot' => 'C:\\Windows'
    'TEMP' => 'C:\\Users\\ADMINI~1\\AppData\\Local\\Temp'
    'TMP' => 'C:\\Users\\ADMINI~1\\AppData\\Local\\Temp'
    'USERDOMAIN' => 'DRAGON'
    'USERNAME' => 'Administrator'
    'USERPROFILE' => 'C:\\Users\\Administrator'
    'windir' => 'C:\\Windows'
    'windows_tracing_flags' => '3'
    'windows_tracing_logfile' => 'C:\\BVTBin\\Tests\\installpackage\\csilogfile.log'
    'YII_PATH' => 'E:\\wamp\\www\\oms\\'
    'PHP_SELF' => 'E:\\wamp\\www\\oms\\yii'
    'SCRIPT_NAME' => 'E:\\wamp\\www\\oms\\yii'
    'SCRIPT_FILENAME' => 'E:\\wamp\\www\\oms\\yii'
    'PATH_TRANSLATED' => 'E:\\wamp\\www\\oms\\yii'
    'DOCUMENT_ROOT' => ''
    'REQUEST_TIME_FLOAT' => 1496243590.9531
    'REQUEST_TIME' => 1496243590
    'argv' => [
        0 => 'E:\\wamp\\www\\oms\\yii'
        1 => 'migrate'
        2 => '--magrationPath=E:\\wamp\\www\\oms\\vendor\\yiisoft\\yii2\\rbac\\migrations'
    ]
    'argc' => 3
]
2017-05-31 15:13:58 [-][-][-][error][yii\base\InvalidConfigException] exception 'yii\base\InvalidConfigException' with message 'You should configure "authManager" component to use database before executing this migration.' in E:\wamp\www\oms\vendor\yiisoft\yii2\rbac\migrations\m140506_102106_rbac_init.php:27
Stack trace:
#0 E:\wamp\www\oms\vendor\yiisoft\yii2\rbac\migrations\m140506_102106_rbac_init.php(45): m140506_102106_rbac_init->getAuthManager()
#1 E:\wamp\www\oms\vendor\yiisoft\yii2\console\controllers\BaseMigrateController.php(654): m140506_102106_rbac_init->up()
#2 E:\wamp\www\oms\vendor\yiisoft\yii2\console\controllers\BaseMigrateController.php(166): yii\console\controllers\BaseMigrateController->migrateUp('m140506_102106_...')
#3 [internal function]: yii\console\controllers\BaseMigrateController->actionUp(0)
#4 E:\wamp\www\oms\vendor\yiisoft\yii2\base\InlineAction.php(57): call_user_func_array(Array, Array)
#5 E:\wamp\www\oms\vendor\yiisoft\yii2\base\Controller.php(156): yii\base\InlineAction->runWithParams(Array)
#6 E:\wamp\www\oms\vendor\yiisoft\yii2\console\Controller.php(128): yii\base\Controller->runAction('', Array)
#7 E:\wamp\www\oms\vendor\yiisoft\yii2\base\Module.php(523): yii\console\Controller->runAction('', Array)
#8 E:\wamp\www\oms\vendor\yiisoft\yii2\console\Application.php(180): yii\base\Module->runAction('migrate', Array)
#9 E:\wamp\www\oms\vendor\yiisoft\yii2\console\Application.php(147): yii\console\Application->runAction('migrate', Array)
#10 E:\wamp\www\oms\vendor\yiisoft\yii2\base\Application.php(380): yii\console\Application->handleRequest(Object(yii\console\Request))
#11 E:\wamp\www\oms\yii(27): yii\base\Application->run()
#12 {main}
2017-05-31 15:13:55 [-][-][-][info][application] $_SERVER = [
    '1830B7BD-F7A3-4c4d-989B-C004DE465EDE' => '888:42f9390'
    'ALLUSERSPROFILE' => 'C:\\ProgramData'
    'APPDATA' => 'C:\\Users\\Administrator\\AppData\\Roaming'
    'CommonProgramFiles' => 'C:\\Program Files (x86)\\Common Files'
    'CommonProgramFiles(x86)' => 'C:\\Program Files (x86)\\Common Files'
    'CommonProgramW6432' => 'C:\\Program Files\\Common Files'
    'COMPUTERNAME' => 'DRAGON'
    'ComSpec' => 'C:\\Windows\\system32\\cmd.exe'
    'DEVMGR_SHOW_DETAILS' => '1'
    'FP_NO_HOST_CHECK' => 'NO'
    'HOMEDRIVE' => 'C:'
    'HOMEPATH' => '\\Users\\Administrator'
    'LOCALAPPDATA' => 'C:\\Users\\Administrator\\AppData\\Local'
    'LOGONSERVER' => '\\\\DRAGON'
    'NUMBER_OF_PROCESSORS' => '4'
    'OS' => 'Windows_NT'
    'Path' => 'C:\\Windows\\system32;C:\\Windows;C:\\Windows\\System32\\Wbem;C:\\Windows\\System32\\WindowsPowerShell\\v1.0\\;C:\\Program Files (x86)\\ATI Technologies\\ATI.ACE\\Core-Static;C:\\HashiCorp\\Vagrant\\bin;C:\\Program Files\\TortoiseGit\\bin;C:\\ProgramData\\ComposerSetup\\bin;E:\\wamp\\bin\\php\\php5.6.25;E:\\wamp\\bin\\php\\php7.0.10'
    'PATHEXT' => '.COM;.EXE;.BAT;.CMD;.VBS;.VBE;.JS;.JSE;.WSF;.WSH;.MSC'
    'PHP_COMMAND' => 'php.exe'
    'PROCESSOR_ARCHITECTURE' => 'x86'
    'PROCESSOR_ARCHITEW6432' => 'AMD64'
    'PROCESSOR_IDENTIFIER' => 'Intel64 Family 6 Model 42 Stepping 7, GenuineIntel'
    'PROCESSOR_LEVEL' => '6'
    'PROCESSOR_REVISION' => '2a07'
    'ProgramData' => 'C:\\ProgramData'
    'ProgramFiles' => 'C:\\Program Files (x86)'
    'ProgramFiles(x86)' => 'C:\\Program Files (x86)'
    'ProgramW6432' => 'C:\\Program Files'
    'PROMPT' => '$P$G'
    'PSModulePath' => 'C:\\Windows\\system32\\WindowsPowerShell\\v1.0\\Modules\\'
    'PUBLIC' => 'C:\\Users\\Public'
    'SESSIONNAME' => 'Console'
    'SystemDrive' => 'C:'
    'SystemRoot' => 'C:\\Windows'
    'TEMP' => 'C:\\Users\\ADMINI~1\\AppData\\Local\\Temp'
    'TMP' => 'C:\\Users\\ADMINI~1\\AppData\\Local\\Temp'
    'USERDOMAIN' => 'DRAGON'
    'USERNAME' => 'Administrator'
    'USERPROFILE' => 'C:\\Users\\Administrator'
    'windir' => 'C:\\Windows'
    'windows_tracing_flags' => '3'
    'windows_tracing_logfile' => 'C:\\BVTBin\\Tests\\installpackage\\csilogfile.log'
    'YII_PATH' => 'E:\\wamp\\www\\oms\\'
    'PHP_SELF' => 'E:\\wamp\\www\\oms\\yii'
    'SCRIPT_NAME' => 'E:\\wamp\\www\\oms\\yii'
    'SCRIPT_FILENAME' => 'E:\\wamp\\www\\oms\\yii'
    'PATH_TRANSLATED' => 'E:\\wamp\\www\\oms\\yii'
    'DOCUMENT_ROOT' => ''
    'REQUEST_TIME_FLOAT' => 1496243635.2212
    'REQUEST_TIME' => 1496243635
    'argv' => [
        0 => 'E:\\wamp\\www\\oms\\yii'
        1 => 'migrate'
        2 => '--migrationPath=E:\\wamp\\www\\oms\\vendor\\yiisoft\\yii2\\rbac\\migrations'
    ]
    'argc' => 3
]
